<?xml version="1.0" encoding="UTF-8"?>
<!-- Generated by org.testng.reporters.JUnitReportReporter -->
<testsuite skipped="0" hostname="cepl-lenovo-v310-14ik" name="flight.FlightFunctionality" tests="2" failures="0" timestamp="21 Jun 2019 04:20:33 GMT" time="11.518" errors="0">
  <testcase name="verifyFlightSearch" time="7.680" classname="flight.FlightFunctionality"/>
  <testcase name="verifyRoundTtrip" time="3.838" classname="flight.FlightFunctionality"/>
</testsuite> <!-- flight.FlightFunctionality -->
