<?xml version="1.0" encoding="UTF-8"?>
<!-- Generated by org.testng.reporters.JUnitReportReporter -->
<testsuite skipped="0" hostname="cepl-lenovo-v310-14ik" name="flight.FlightFunctionality" tests="2" failures="0" timestamp="21 Jun 2019 07:20:51 GMT" time="14.006" errors="0">
  <testcase name="verifyFlightSearch" time="8.278" classname="flight.FlightFunctionality"/>
  <testcase name="verifyRoundTtrip" time="5.728" classname="flight.FlightFunctionality"/>
</testsuite> <!-- flight.FlightFunctionality -->
